<?xml version="1.0" encoding="UTF-8"?>
<!-- Generated by org.testng.reporters.JUnitXMLReporter -->
<testsuite ignored="0" hostname="DESKTOP-9E9MS69" failures="0" tests="2" name="Registration Test" time="18.191" errors="0" timestamp="2024-08-26T13:11:10 EEST">
  <testcase classname="com.codenboxautomationlab.testcases.SignupTest" name="VerifyThatUserCanNavigateToRegistrationPageSuccessfully" time="8.059"/>
  <testcase classname="com.codenboxautomationlab.testcases.SignupTest" name="VerifyThatUserCanRegisterUsingCorrectData" time="6.457"/>
</testsuite> <!-- Registration Test -->
